CRITICAL - 2022-06-19 23:53:25 --> Attempt to read property "uri" on null
in APPPATH\Controllers\Home.php on line 11.
 1 APPPATH\Controllers\Home.php(11): CodeIgniter\Debug\Exceptions->errorHandler(2, 'Attempt to read property "uri" on null', 'APPPATH\\Controllers\\Home.php', 11)
 2 SYSTEMPATH\CodeIgniter.php(858): App\Controllers\Home->__construct()
 3 SYSTEMPATH\CodeIgniter.php(457): CodeIgniter\CodeIgniter->createController()
 4 SYSTEMPATH\CodeIgniter.php(349): CodeIgniter\CodeIgniter->handleRequest(null, Object(Config\Cache), false)
 5 FCPATH\index.php(55): CodeIgniter\CodeIgniter->run()
 6 SYSTEMPATH\Commands\Server\rewrite.php(43): require_once('FCPATH\\index.php')
CRITICAL - 2022-06-19 23:55:33 --> Undefined property: CodeIgniter\View\View::$uri
in APPPATH\Views\layouts\navbar.php on line 39.
 1 APPPATH\Views\layouts\navbar.php(39): CodeIgniter\Debug\Exceptions->errorHandler(2, 'Undefined property: CodeIgniter\\View\\View::$uri', 'APPPATH\\Views\\layouts\\navbar.php', 39)
 2 SYSTEMPATH\View\View.php(213): include('APPPATH\\Views\\layouts\\navbar.php')
 3 SYSTEMPATH\View\View.php(216): CodeIgniter\View\View->CodeIgniter\View\{closure}()
 4 SYSTEMPATH\View\View.php(429): CodeIgniter\View\View->render('layouts/navbar', null, true)
 5 APPPATH\Views\layouts\template.php(15): CodeIgniter\View\View->include('layouts/navbar')
 6 SYSTEMPATH\View\View.php(213): include('APPPATH\\Views\\layouts\\template.php')
 7 SYSTEMPATH\View\View.php(216): CodeIgniter\View\View->CodeIgniter\View\{closure}()
 8 SYSTEMPATH\View\View.php(229): CodeIgniter\View\View->render('layouts/template', [], true)
 9 SYSTEMPATH\Common.php(1135): CodeIgniter\View\View->render('home/index', [], true)
10 APPPATH\Controllers\Home.php(18): view('home/index', [...])
11 SYSTEMPATH\CodeIgniter.php(896): App\Controllers\Home->index()
12 SYSTEMPATH\CodeIgniter.php(466): CodeIgniter\CodeIgniter->runController(Object(App\Controllers\Home))
13 SYSTEMPATH\CodeIgniter.php(349): CodeIgniter\CodeIgniter->handleRequest(null, Object(Config\Cache), false)
14 FCPATH\index.php(55): CodeIgniter\CodeIgniter->run()
15 SYSTEMPATH\Commands\Server\rewrite.php(43): require_once('FCPATH\\index.php')
CRITICAL - 2022-06-19 23:59:35 --> Undefined property: CodeIgniter\View\View::$uri
in APPPATH\Views\layouts\navbar.php on line 39.
 1 APPPATH\Views\layouts\navbar.php(39): CodeIgniter\Debug\Exceptions->errorHandler(2, 'Undefined property: CodeIgniter\\View\\View::$uri', 'APPPATH\\Views\\layouts\\navbar.php', 39)
 2 SYSTEMPATH\View\View.php(213): include('APPPATH\\Views\\layouts\\navbar.php')
 3 SYSTEMPATH\View\View.php(216): CodeIgniter\View\View->CodeIgniter\View\{closure}()
 4 SYSTEMPATH\View\View.php(429): CodeIgniter\View\View->render('layouts/navbar', null, true)
 5 APPPATH\Views\layouts\template.php(15): CodeIgniter\View\View->include('layouts/navbar')
 6 SYSTEMPATH\View\View.php(213): include('APPPATH\\Views\\layouts\\template.php')
 7 SYSTEMPATH\View\View.php(216): CodeIgniter\View\View->CodeIgniter\View\{closure}()
 8 SYSTEMPATH\View\View.php(229): CodeIgniter\View\View->render('layouts/template', [], true)
 9 SYSTEMPATH\Common.php(1135): CodeIgniter\View\View->render('home/index', [], true)
10 APPPATH\Controllers\Home.php(18): view('home/index', [...])
11 SYSTEMPATH\CodeIgniter.php(896): App\Controllers\Home->index()
12 SYSTEMPATH\CodeIgniter.php(466): CodeIgniter\CodeIgniter->runController(Object(App\Controllers\Home))
13 SYSTEMPATH\CodeIgniter.php(349): CodeIgniter\CodeIgniter->handleRequest(null, Object(Config\Cache), false)
14 FCPATH\index.php(55): CodeIgniter\CodeIgniter->run()
15 SYSTEMPATH\Commands\Server\rewrite.php(43): require_once('FCPATH\\index.php')
